<?xml version="1.0" encoding="UTF-8"?>
<testng-results ignored="0" total="1" passed="1" failed="0" skipped="0">
  <reporter-output>
  </reporter-output>
  <suite started-at="2021-10-25T18:15:23 IST" name="Default suite" finished-at="2021-10-25T18:15:32 IST" duration-ms="8565">
    <groups>
    </groups>
    <test started-at="2021-10-25T18:15:23 IST" name="Default test" finished-at="2021-10-25T18:15:32 IST" duration-ms="8565">
      <class name="test.ViewEmployee">
        <test-method is-config="true" signature="configBS()[pri:0, instance:test.ViewEmployee@53ce1329]" started-at="2021-10-25T18:15:23 IST" name="configBS" finished-at="2021-10-25T18:15:23 IST" duration-ms="6" status="PASS">
          <reporter-output>
          </reporter-output>
        </test-method> <!-- configBS -->
        <test-method is-config="true" signature="configBC()[pri:0, instance:test.ViewEmployee@53ce1329]" started-at="2021-10-25T18:15:23 IST" name="configBC" finished-at="2021-10-25T18:15:25 IST" duration-ms="1840" status="PASS">
          <reporter-output>
          </reporter-output>
        </test-method> <!-- configBC -->
        <test-method is-config="true" signature="setUp()[pri:0, instance:test.ViewEmployee@53ce1329]" started-at="2021-10-25T18:15:25 IST" name="setUp" finished-at="2021-10-25T18:15:31 IST" duration-ms="5971" status="PASS">
          <reporter-output>
          </reporter-output>
        </test-method> <!-- setUp -->
        <test-method signature="employeeList()[pri:0, instance:test.ViewEmployee@53ce1329]" started-at="2021-10-25T18:15:31 IST" name="employeeList" finished-at="2021-10-25T18:15:32 IST" duration-ms="702" status="PASS">
          <reporter-output>
          </reporter-output>
        </test-method> <!-- employeeList -->
      </class> <!-- test.ViewEmployee -->
    </test> <!-- Default test -->
  </suite> <!-- Default suite -->
</testng-results>
